  [1m[36m (100.3ms)[0m  [1mCREATE TABLE "schema_migrations" ("version" varchar NOT NULL) [0m
  [1m[35m (0.2ms)[0m  select sqlite_version(*)
  [1m[36m (98.9ms)[0m  [1mCREATE UNIQUE INDEX "unique_schema_migrations" ON "schema_migrations" ("version")[0m
  [1m[35mActiveRecord::SchemaMigration Load (0.2ms)[0m  SELECT "schema_migrations".* FROM "schema_migrations"
Migrating to CreateClientes (20160517165838)
  [1m[36m (0.1ms)[0m  [1mbegin transaction[0m
  [1m[35m (0.4ms)[0m  CREATE TABLE "clientes" ("id" INTEGER PRIMARY KEY AUTOINCREMENT NOT NULL, "nome" varchar, "endereco" varchar, "telefone" varchar, "email" varchar, "created_at" datetime NOT NULL, "updated_at" datetime NOT NULL) 
  [1m[36mSQL (0.2ms)[0m  [1mINSERT INTO "schema_migrations" ("version") VALUES (?)[0m  [["version", "20160517165838"]]
  [1m[35m (125.7ms)[0m  commit transaction
  [1m[36mActiveRecord::SchemaMigration Load (0.1ms)[0m  [1mSELECT "schema_migrations".* FROM "schema_migrations"[0m


Started GET "/" for 127.0.0.1 at 2016-05-17 13:59:18 -0300
  [1m[36mActiveRecord::SchemaMigration Load (0.3ms)[0m  [1mSELECT "schema_migrations".* FROM "schema_migrations"[0m
Processing by VisitorsController#index as HTML
  Rendered visitors/index.html.erb within layouts/application (6.1ms)
  Rendered layouts/_navigation_links.html.erb (0.4ms)
  Rendered layouts/_navigation.html.haml (3.3ms)
  Rendered layouts/_messages.html.haml (1.3ms)
Completed 200 OK in 961ms (Views: 942.1ms | ActiveRecord: 0.0ms)


Started GET "/" for 127.0.0.1 at 2016-05-17 14:04:08 -0300
  [1m[36mActiveRecord::SchemaMigration Load (0.1ms)[0m  [1mSELECT "schema_migrations".* FROM "schema_migrations"[0m
Processing by VisitorsController#index as HTML
  Rendered visitors/index.html.erb within layouts/application (1.6ms)
  Rendered layouts/_navigation_links.html.erb (0.4ms)
  Rendered layouts/_navigation.html.haml (2.8ms)
  Rendered layouts/_messages.html.haml (1.1ms)
Completed 200 OK in 292ms (Views: 281.3ms | ActiveRecord: 0.0ms)


Started GET "/" for 127.0.0.1 at 2016-05-17 14:06:10 -0300
  [1m[36mActiveRecord::SchemaMigration Load (0.3ms)[0m  [1mSELECT "schema_migrations".* FROM "schema_migrations"[0m
Processing by VisitorsController#index as HTML
  Rendered visitors/index.html.erb within layouts/application (1.5ms)
  Rendered layouts/_navigation.html.haml (39.2ms)
Completed 500 Internal Server Error in 320ms (ActiveRecord: 0.0ms)

Haml::SyntaxError - Inconsistent indentation: 2 spaces used for indentation, but the rest of the document was indented using 3 spaces.:
  app/views/layouts/_navigation.html.haml:3:in `'
  haml (4.0.7) lib/haml/parser.rb:174:in `block in tabs'
  haml (4.0.7) lib/haml/parser.rb:152:in `tabs'
  haml (4.0.7) lib/haml/parser.rb:751:in `block_opened?'
  haml (4.0.7) lib/haml/parser.rb:388:in `tag'
  haml (4.0.7) lib/haml/parser.rb:213:in `process_line'
  haml (4.0.7) lib/haml/parser.rb:121:in `parse'
  haml (4.0.7) lib/haml/engine.rb:66:in `initialize'
  brakeman (3.3.0) bundle/ruby/2.3.0/gems/haml-4.0.7/lib/haml/template/plugin.rb:25:in `compile'
  brakeman (3.3.0) bundle/ruby/2.3.0/gems/haml-4.0.7/lib/haml/template/plugin.rb:30:in `call'
  actionview (4.2.6) lib/action_view/template.rb:270:in `compile'
  actionview (4.2.6) lib/action_view/template.rb:245:in `block (2 levels) in compile!'
  activesupport (4.2.6) lib/active_support/notifications.rb:166:in `instrument'
  actionview (4.2.6) lib/action_view/template.rb:333:in `instrument'
  actionview (4.2.6) lib/action_view/template.rb:244:in `block in compile!'
  actionview (4.2.6) lib/action_view/template.rb:232:in `compile!'
  actionview (4.2.6) lib/action_view/template.rb:144:in `block in render'
  activesupport (4.2.6) lib/active_support/notifications.rb:166:in `instrument'
  actionview (4.2.6) lib/action_view/template.rb:333:in `instrument'
  actionview (4.2.6) lib/action_view/template.rb:143:in `render'
  actionview (4.2.6) lib/action_view/renderer/partial_renderer.rb:339:in `render_partial'
  actionview (4.2.6) lib/action_view/renderer/partial_renderer.rb:310:in `block in render'
  actionview (4.2.6) lib/action_view/renderer/abstract_renderer.rb:39:in `block in instrument'
  activesupport (4.2.6) lib/active_support/notifications.rb:164:in `block in instrument'
  activesupport (4.2.6) lib/active_support/notifications/instrumenter.rb:20:in `instrument'
  activesupport (4.2.6) lib/active_support/notifications.rb:164:in `instrument'
  actionview (4.2.6) lib/action_view/renderer/abstract_renderer.rb:39:in `instrument'
  actionview (4.2.6) lib/action_view/renderer/partial_renderer.rb:309:in `render'
  actionview (4.2.6) lib/action_view/renderer/renderer.rb:51:in `render_partial'
  actionview (4.2.6) lib/action_view/helpers/rendering_helper.rb:35:in `render'
  brakeman (3.3.0) bundle/ruby/2.3.0/gems/haml-4.0.7/lib/haml/helpers/action_view_mods.rb:10:in `block in render_with_haml'
  haml (4.0.7) lib/haml/helpers.rb:89:in `non_haml'
  brakeman (3.3.0) bundle/ruby/2.3.0/gems/haml-4.0.7/lib/haml/helpers/action_view_mods.rb:10:in `render_with_haml'
  app/views/layouts/application.html.haml:12:in `_app_views_layouts_application_html_haml___3309327009312952918_47435017805860'
  actionview (4.2.6) lib/action_view/template.rb:145:in `block in render'
  activesupport (4.2.6) lib/active_support/notifications.rb:166:in `instrument'
  actionview (4.2.6) lib/action_view/template.rb:333:in `instrument'
  actionview (4.2.6) lib/action_view/template.rb:143:in `render'
  actionview (4.2.6) lib/action_view/renderer/template_renderer.rb:66:in `render_with_layout'
  actionview (4.2.6) lib/action_view/renderer/template_renderer.rb:52:in `render_template'
  actionview (4.2.6) lib/action_view/renderer/template_renderer.rb:14:in `render'
  actionview (4.2.6) lib/action_view/renderer/renderer.rb:46:in `render_template'
  actionview (4.2.6) lib/action_view/renderer/renderer.rb:27:in `render'
  actionview (4.2.6) lib/action_view/rendering.rb:100:in `_render_template'
  actionpack (4.2.6) lib/action_controller/metal/streaming.rb:217:in `_render_template'
  actionview (4.2.6) lib/action_view/rendering.rb:83:in `render_to_body'
  actionpack (4.2.6) lib/action_controller/metal/rendering.rb:32:in `render_to_body'
  actionpack (4.2.6) lib/action_controller/metal/renderers.rb:37:in `render_to_body'
  actionpack (4.2.6) lib/abstract_controller/rendering.rb:25:in `render'
  actionpack (4.2.6) lib/action_controller/metal/rendering.rb:16:in `render'
  actionpack (4.2.6) lib/action_controller/metal/instrumentation.rb:44:in `block (2 levels) in render'
  activesupport (4.2.6) lib/active_support/core_ext/benchmark.rb:12:in `block in ms'
  /home/sebastiao/.rbenv/versions/2.2.3/lib/ruby/2.2.0/benchmark.rb:303:in `realtime'
  activesupport (4.2.6) lib/active_support/core_ext/benchmark.rb:12:in `ms'
  actionpack (4.2.6) lib/action_controller/metal/instrumentation.rb:44:in `block in render'
  actionpack (4.2.6) lib/action_controller/metal/instrumentation.rb:87:in `cleanup_view_runtime'
  activerecord (4.2.6) lib/active_record/railties/controller_runtime.rb:25:in `cleanup_view_runtime'
  actionpack (4.2.6) lib/action_controller/metal/instrumentation.rb:43:in `render'
  actionpack (4.2.6) lib/action_controller/metal/implicit_render.rb:10:in `default_render'
  actionpack (4.2.6) lib/action_controller/metal/implicit_render.rb:4:in `send_action'
  actionpack (4.2.6) lib/abstract_controller/base.rb:198:in `process_action'
  actionpack (4.2.6) lib/action_controller/metal/rendering.rb:10:in `process_action'
  actionpack (4.2.6) lib/abstract_controller/callbacks.rb:20:in `block in process_action'
  activesupport (4.2.6) lib/active_support/callbacks.rb:117:in `call'
  activesupport (4.2.6) lib/active_support/callbacks.rb:555:in `block (2 levels) in compile'
  activesupport (4.2.6) lib/active_support/callbacks.rb:505:in `call'
  activesupport (4.2.6) lib/active_support/callbacks.rb:92:in `__run_callbacks__'
  activesupport (4.2.6) lib/active_support/callbacks.rb:778:in `_run_process_action_callbacks'
  activesupport (4.2.6) lib/active_support/callbacks.rb:81:in `run_callbacks'
  actionpack (4.2.6) lib/abstract_controller/callbacks.rb:19:in `process_action'
  actionpack (4.2.6) lib/action_controller/metal/rescue.rb:29:in `process_action'
  actionpack (4.2.6) lib/action_controller/metal/instrumentation.rb:32:in `block in process_action'
  activesupport (4.2.6) lib/active_support/notifications.rb:164:in `block in instrument'
  activesupport (4.2.6) lib/active_support/notifications/instrumenter.rb:20:in `instrument'
  activesupport (4.2.6) lib/active_support/notifications.rb:164:in `instrument'
  actionpack (4.2.6) lib/action_controller/metal/instrumentation.rb:30:in `process_action'
  actionpack (4.2.6) lib/action_controller/metal/params_wrapper.rb:250:in `process_action'
  activerecord (4.2.6) lib/active_record/railties/controller_runtime.rb:18:in `process_action'
  actionpack (4.2.6) lib/abstract_controller/base.rb:137:in `process'
  actionview (4.2.6) lib/action_view/rendering.rb:30:in `process'
  actionpack (4.2.6) lib/action_controller/metal.rb:196:in `dispatch'
  actionpack (4.2.6) lib/action_controller/metal/rack_delegation.rb:13:in `dispatch'
  actionpack (4.2.6) lib/action_controller/metal.rb:237:in `block in action'
  actionpack (4.2.6) lib/action_dispatch/routing/route_set.rb:74:in `dispatch'
  actionpack (4.2.6) lib/action_dispatch/routing/route_set.rb:43:in `serve'
  actionpack (4.2.6) lib/action_dispatch/journey/router.rb:43:in `block in serve'
  actionpack (4.2.6) lib/action_dispatch/journey/router.rb:30:in `serve'
  actionpack (4.2.6) lib/action_dispatch/routing/route_set.rb:817:in `call'
  rack (1.6.4) lib/rack/etag.rb:24:in `call'
  rack (1.6.4) lib/rack/conditionalget.rb:25:in `call'
  rack (1.6.4) lib/rack/head.rb:13:in `call'
  actionpack (4.2.6) lib/action_dispatch/middleware/params_parser.rb:27:in `call'
  actionpack (4.2.6) lib/action_dispatch/middleware/flash.rb:260:in `call'
  rack (1.6.4) lib/rack/session/abstract/id.rb:225:in `context'
  rack (1.6.4) lib/rack/session/abstract/id.rb:220:in `call'
  actionpack (4.2.6) lib/action_dispatch/middleware/cookies.rb:560:in `call'
  activerecord (4.2.6) lib/active_record/query_cache.rb:36:in `call'
  activerecord (4.2.6) lib/active_record/connection_adapters/abstract/connection_pool.rb:653:in `call'
  activerecord (4.2.6) lib/active_record/migration.rb:377:in `call'
  actionpack (4.2.6) lib/action_dispatch/middleware/callbacks.rb:29:in `block in call'
  activesupport (4.2.6) lib/active_support/callbacks.rb:88:in `__run_callbacks__'
  activesupport (4.2.6) lib/active_support/callbacks.rb:778:in `_run_call_callbacks'
  activesupport (4.2.6) lib/active_support/callbacks.rb:81:in `run_callbacks'
  actionpack (4.2.6) lib/action_dispatch/middleware/callbacks.rb:27:in `call'
  actionpack (4.2.6) lib/action_dispatch/middleware/reloader.rb:73:in `call'
  actionpack (4.2.6) lib/action_dispatch/middleware/remote_ip.rb:78:in `call'
  better_errors (2.1.1) lib/better_errors/middleware.rb:84:in `protected_app_call'
  better_errors (2.1.1) lib/better_errors/middleware.rb:79:in `better_errors_call'
  better_errors (2.1.1) lib/better_errors/middleware.rb:57:in `call'
  actionpack (4.2.6) lib/action_dispatch/middleware/debug_exceptions.rb:17:in `call'
  web-console (2.3.0) lib/web_console/middleware.rb:28:in `block in call'
  web-console (2.3.0) lib/web_console/middleware.rb:18:in `call'
  actionpack (4.2.6) lib/action_dispatch/middleware/show_exceptions.rb:30:in `call'
  railties (4.2.6) lib/rails/rack/logger.rb:38:in `call_app'
  railties (4.2.6) lib/rails/rack/logger.rb:20:in `block in call'
  activesupport (4.2.6) lib/active_support/tagged_logging.rb:68:in `block in tagged'
  activesupport (4.2.6) lib/active_support/tagged_logging.rb:26:in `tagged'
  activesupport (4.2.6) lib/active_support/tagged_logging.rb:68:in `tagged'
  railties (4.2.6) lib/rails/rack/logger.rb:20:in `call'
  quiet_assets (1.1.0) lib/quiet_assets.rb:27:in `call_with_quiet_assets'
  actionpack (4.2.6) lib/action_dispatch/middleware/request_id.rb:21:in `call'
  rack (1.6.4) lib/rack/methodoverride.rb:22:in `call'
  rack (1.6.4) lib/rack/runtime.rb:18:in `call'
  activesupport (4.2.6) lib/active_support/cache/strategy/local_cache_middleware.rb:28:in `call'
  rack (1.6.4) lib/rack/lock.rb:17:in `call'
  actionpack (4.2.6) lib/action_dispatch/middleware/static.rb:120:in `call'
  rack (1.6.4) lib/rack/sendfile.rb:113:in `call'
  railties (4.2.6) lib/rails/engine.rb:518:in `call'
  railties (4.2.6) lib/rails/application.rb:165:in `call'
  rack (1.6.4) lib/rack/content_length.rb:15:in `call'
  thin (1.6.4) lib/thin/connection.rb:86:in `block in pre_process'
  thin (1.6.4) lib/thin/connection.rb:84:in `pre_process'
  thin (1.6.4) lib/thin/connection.rb:53:in `process'
  thin (1.6.4) lib/thin/connection.rb:39:in `receive_data'
  eventmachine (1.2.0.1) lib/eventmachine.rb:194:in `run'
  thin (1.6.4) lib/thin/backends/base.rb:73:in `start'
  thin (1.6.4) lib/thin/server.rb:162:in `start'
  rack (1.6.4) lib/rack/handler/thin.rb:19:in `run'
  rack (1.6.4) lib/rack/server.rb:286:in `start'
  railties (4.2.6) lib/rails/commands/server.rb:80:in `start'
  railties (4.2.6) lib/rails/commands/commands_tasks.rb:80:in `block in server'
  railties (4.2.6) lib/rails/commands/commands_tasks.rb:75:in `server'
  railties (4.2.6) lib/rails/commands/commands_tasks.rb:39:in `run_command!'
  railties (4.2.6) lib/rails/commands.rb:17:in `<top (required)>'
  bin/rails:9:in `<top (required)>'
  spring (1.7.1) lib/spring/client/rails.rb:28:in `call'
  spring (1.7.1) lib/spring/client/command.rb:7:in `call'
  spring (1.7.1) lib/spring/client.rb:30:in `run'
  spring (1.7.1) bin/spring:49:in `<top (required)>'
  spring (1.7.1) lib/spring/binstub.rb:11:in `<top (required)>'
  /home/sebastiao/.rbenv/versions/2.2.3/lib/ruby/2.2.0/rubygems/core_ext/kernel_require.rb:54:in `require'
  bin/spring:13:in `<top (required)>'
  bin/rails:3:in `<main>'



Started POST "/__better_errors/3d398da90284ee13/variables" for 127.0.0.1 at 2016-05-17 14:06:11 -0300
  [1m[36mActiveRecord::SchemaMigration Load (0.1ms)[0m  [1mSELECT "schema_migrations".* FROM "schema_migrations"[0m
  [1m[35mActiveRecord::SchemaMigration Load (0.1ms)[0m  SELECT "schema_migrations".* FROM "schema_migrations"


Started GET "/" for 127.0.0.1 at 2016-05-17 14:13:06 -0300
  [1m[36mActiveRecord::SchemaMigration Load (0.2ms)[0m  [1mSELECT "schema_migrations".* FROM "schema_migrations"[0m
Processing by VisitorsController#index as HTML
  Rendered visitors/index.html.erb within layouts/application (192.8ms)
  Rendered layouts/_navigation.html.haml (4.3ms)
Completed 500 Internal Server Error in 284ms (ActiveRecord: 0.0ms)

Haml::SyntaxError - Inconsistent indentation: 2 spaces used for indentation, but the rest of the document was indented using 3 spaces.:
  app/views/layouts/_navigation.html.haml:3:in `'
  haml (4.0.7) lib/haml/parser.rb:174:in `block in tabs'
  haml (4.0.7) lib/haml/parser.rb:152:in `tabs'
  haml (4.0.7) lib/haml/parser.rb:751:in `block_opened?'
  haml (4.0.7) lib/haml/parser.rb:388:in `tag'
  haml (4.0.7) lib/haml/parser.rb:213:in `process_line'
  haml (4.0.7) lib/haml/parser.rb:121:in `parse'
  haml (4.0.7) lib/haml/engine.rb:66:in `initialize'
  brakeman (3.3.0) bundle/ruby/2.3.0/gems/haml-4.0.7/lib/haml/template/plugin.rb:25:in `compile'
  brakeman (3.3.0) bundle/ruby/2.3.0/gems/haml-4.0.7/lib/haml/template/plugin.rb:30:in `call'
  actionview (4.2.6) lib/action_view/template.rb:270:in `compile'
  actionview (4.2.6) lib/action_view/template.rb:245:in `block (2 levels) in compile!'
  activesupport (4.2.6) lib/active_support/notifications.rb:166:in `instrument'
  actionview (4.2.6) lib/action_view/template.rb:333:in `instrument'
  actionview (4.2.6) lib/action_view/template.rb:244:in `block in compile!'
  actionview (4.2.6) lib/action_view/template.rb:232:in `compile!'
  actionview (4.2.6) lib/action_view/template.rb:144:in `block in render'
  activesupport (4.2.6) lib/active_support/notifications.rb:166:in `instrument'
  actionview (4.2.6) lib/action_view/template.rb:333:in `instrument'
  actionview (4.2.6) lib/action_view/template.rb:143:in `render'
  actionview (4.2.6) lib/action_view/renderer/partial_renderer.rb:339:in `render_partial'
  actionview (4.2.6) lib/action_view/renderer/partial_renderer.rb:310:in `block in render'
  actionview (4.2.6) lib/action_view/renderer/abstract_renderer.rb:39:in `block in instrument'
  activesupport (4.2.6) lib/active_support/notifications.rb:164:in `block in instrument'
  activesupport (4.2.6) lib/active_support/notifications/instrumenter.rb:20:in `instrument'
  activesupport (4.2.6) lib/active_support/notifications.rb:164:in `instrument'
  actionview (4.2.6) lib/action_view/renderer/abstract_renderer.rb:39:in `instrument'
  actionview (4.2.6) lib/action_view/renderer/partial_renderer.rb:309:in `render'
  actionview (4.2.6) lib/action_view/renderer/renderer.rb:51:in `render_partial'
  actionview (4.2.6) lib/action_view/helpers/rendering_helper.rb:35:in `render'
  brakeman (3.3.0) bundle/ruby/2.3.0/gems/haml-4.0.7/lib/haml/helpers/action_view_mods.rb:10:in `block in render_with_haml'
  haml (4.0.7) lib/haml/helpers.rb:89:in `non_haml'
  brakeman (3.3.0) bundle/ruby/2.3.0/gems/haml-4.0.7/lib/haml/helpers/action_view_mods.rb:10:in `render_with_haml'
  app/views/layouts/application.html.haml:12:in `_app_views_layouts_application_html_haml___3948881423600588518_47290819276040'
  actionview (4.2.6) lib/action_view/template.rb:145:in `block in render'
  activesupport (4.2.6) lib/active_support/notifications.rb:166:in `instrument'
  actionview (4.2.6) lib/action_view/template.rb:333:in `instrument'
  actionview (4.2.6) lib/action_view/template.rb:143:in `render'
  actionview (4.2.6) lib/action_view/renderer/template_renderer.rb:66:in `render_with_layout'
  actionview (4.2.6) lib/action_view/renderer/template_renderer.rb:52:in `render_template'
  actionview (4.2.6) lib/action_view/renderer/template_renderer.rb:14:in `render'
  actionview (4.2.6) lib/action_view/renderer/renderer.rb:46:in `render_template'
  actionview (4.2.6) lib/action_view/renderer/renderer.rb:27:in `render'
  actionview (4.2.6) lib/action_view/rendering.rb:100:in `_render_template'
  actionpack (4.2.6) lib/action_controller/metal/streaming.rb:217:in `_render_template'
  actionview (4.2.6) lib/action_view/rendering.rb:83:in `render_to_body'
  actionpack (4.2.6) lib/action_controller/metal/rendering.rb:32:in `render_to_body'
  actionpack (4.2.6) lib/action_controller/metal/renderers.rb:37:in `render_to_body'
  actionpack (4.2.6) lib/abstract_controller/rendering.rb:25:in `render'
  actionpack (4.2.6) lib/action_controller/metal/rendering.rb:16:in `render'
  actionpack (4.2.6) lib/action_controller/metal/instrumentation.rb:44:in `block (2 levels) in render'
  activesupport (4.2.6) lib/active_support/core_ext/benchmark.rb:12:in `block in ms'
  /home/sebastiao/.rbenv/versions/2.2.3/lib/ruby/2.2.0/benchmark.rb:303:in `realtime'
  activesupport (4.2.6) lib/active_support/core_ext/benchmark.rb:12:in `ms'
  actionpack (4.2.6) lib/action_controller/metal/instrumentation.rb:44:in `block in render'
  actionpack (4.2.6) lib/action_controller/metal/instrumentation.rb:87:in `cleanup_view_runtime'
  activerecord (4.2.6) lib/active_record/railties/controller_runtime.rb:25:in `cleanup_view_runtime'
  actionpack (4.2.6) lib/action_controller/metal/instrumentation.rb:43:in `render'
  actionpack (4.2.6) lib/action_controller/metal/implicit_render.rb:10:in `default_render'
  actionpack (4.2.6) lib/action_controller/metal/implicit_render.rb:4:in `send_action'
  actionpack (4.2.6) lib/abstract_controller/base.rb:198:in `process_action'
  actionpack (4.2.6) lib/action_controller/metal/rendering.rb:10:in `process_action'
  actionpack (4.2.6) lib/abstract_controller/callbacks.rb:20:in `block in process_action'
  activesupport (4.2.6) lib/active_support/callbacks.rb:117:in `call'
  activesupport (4.2.6) lib/active_support/callbacks.rb:555:in `block (2 levels) in compile'
  activesupport (4.2.6) lib/active_support/callbacks.rb:505:in `call'
  activesupport (4.2.6) lib/active_support/callbacks.rb:92:in `__run_callbacks__'
  activesupport (4.2.6) lib/active_support/callbacks.rb:778:in `_run_process_action_callbacks'
  activesupport (4.2.6) lib/active_support/callbacks.rb:81:in `run_callbacks'
  actionpack (4.2.6) lib/abstract_controller/callbacks.rb:19:in `process_action'
  actionpack (4.2.6) lib/action_controller/metal/rescue.rb:29:in `process_action'
  actionpack (4.2.6) lib/action_controller/metal/instrumentation.rb:32:in `block in process_action'
  activesupport (4.2.6) lib/active_support/notifications.rb:164:in `block in instrument'
  activesupport (4.2.6) lib/active_support/notifications/instrumenter.rb:20:in `instrument'
  activesupport (4.2.6) lib/active_support/notifications.rb:164:in `instrument'
  actionpack (4.2.6) lib/action_controller/metal/instrumentation.rb:30:in `process_action'
  actionpack (4.2.6) lib/action_controller/metal/params_wrapper.rb:250:in `process_action'
  activerecord (4.2.6) lib/active_record/railties/controller_runtime.rb:18:in `process_action'
  actionpack (4.2.6) lib/abstract_controller/base.rb:137:in `process'
  actionview (4.2.6) lib/action_view/rendering.rb:30:in `process'
  actionpack (4.2.6) lib/action_controller/metal.rb:196:in `dispatch'
  actionpack (4.2.6) lib/action_controller/metal/rack_delegation.rb:13:in `dispatch'
  actionpack (4.2.6) lib/action_controller/metal.rb:237:in `block in action'
  actionpack (4.2.6) lib/action_dispatch/routing/route_set.rb:74:in `dispatch'
  actionpack (4.2.6) lib/action_dispatch/routing/route_set.rb:43:in `serve'
  actionpack (4.2.6) lib/action_dispatch/journey/router.rb:43:in `block in serve'
  actionpack (4.2.6) lib/action_dispatch/journey/router.rb:30:in `serve'
  actionpack (4.2.6) lib/action_dispatch/routing/route_set.rb:817:in `call'
  rack (1.6.4) lib/rack/etag.rb:24:in `call'
  rack (1.6.4) lib/rack/conditionalget.rb:25:in `call'
  rack (1.6.4) lib/rack/head.rb:13:in `call'
  actionpack (4.2.6) lib/action_dispatch/middleware/params_parser.rb:27:in `call'
  actionpack (4.2.6) lib/action_dispatch/middleware/flash.rb:260:in `call'
  rack (1.6.4) lib/rack/session/abstract/id.rb:225:in `context'
  rack (1.6.4) lib/rack/session/abstract/id.rb:220:in `call'
  actionpack (4.2.6) lib/action_dispatch/middleware/cookies.rb:560:in `call'
  activerecord (4.2.6) lib/active_record/query_cache.rb:36:in `call'
  activerecord (4.2.6) lib/active_record/connection_adapters/abstract/connection_pool.rb:653:in `call'
  activerecord (4.2.6) lib/active_record/migration.rb:377:in `call'
  actionpack (4.2.6) lib/action_dispatch/middleware/callbacks.rb:29:in `block in call'
  activesupport (4.2.6) lib/active_support/callbacks.rb:88:in `__run_callbacks__'
  activesupport (4.2.6) lib/active_support/callbacks.rb:778:in `_run_call_callbacks'
  activesupport (4.2.6) lib/active_support/callbacks.rb:81:in `run_callbacks'
  actionpack (4.2.6) lib/action_dispatch/middleware/callbacks.rb:27:in `call'
  actionpack (4.2.6) lib/action_dispatch/middleware/reloader.rb:73:in `call'
  actionpack (4.2.6) lib/action_dispatch/middleware/remote_ip.rb:78:in `call'
  better_errors (2.1.1) lib/better_errors/middleware.rb:84:in `protected_app_call'
  better_errors (2.1.1) lib/better_errors/middleware.rb:79:in `better_errors_call'
  better_errors (2.1.1) lib/better_errors/middleware.rb:57:in `call'
  actionpack (4.2.6) lib/action_dispatch/middleware/debug_exceptions.rb:17:in `call'
  web-console (2.3.0) lib/web_console/middleware.rb:28:in `block in call'
  web-console (2.3.0) lib/web_console/middleware.rb:18:in `call'
  actionpack (4.2.6) lib/action_dispatch/middleware/show_exceptions.rb:30:in `call'
  railties (4.2.6) lib/rails/rack/logger.rb:38:in `call_app'
  railties (4.2.6) lib/rails/rack/logger.rb:20:in `block in call'
  activesupport (4.2.6) lib/active_support/tagged_logging.rb:68:in `block in tagged'
  activesupport (4.2.6) lib/active_support/tagged_logging.rb:26:in `tagged'
  activesupport (4.2.6) lib/active_support/tagged_logging.rb:68:in `tagged'
  railties (4.2.6) lib/rails/rack/logger.rb:20:in `call'
  quiet_assets (1.1.0) lib/quiet_assets.rb:27:in `call_with_quiet_assets'
  actionpack (4.2.6) lib/action_dispatch/middleware/request_id.rb:21:in `call'
  rack (1.6.4) lib/rack/methodoverride.rb:22:in `call'
  rack (1.6.4) lib/rack/runtime.rb:18:in `call'
  activesupport (4.2.6) lib/active_support/cache/strategy/local_cache_middleware.rb:28:in `call'
  rack (1.6.4) lib/rack/lock.rb:17:in `call'
  actionpack (4.2.6) lib/action_dispatch/middleware/static.rb:120:in `call'
  rack (1.6.4) lib/rack/sendfile.rb:113:in `call'
  railties (4.2.6) lib/rails/engine.rb:518:in `call'
  railties (4.2.6) lib/rails/application.rb:165:in `call'
  rack (1.6.4) lib/rack/content_length.rb:15:in `call'
  thin (1.6.4) lib/thin/connection.rb:86:in `block in pre_process'
  thin (1.6.4) lib/thin/connection.rb:84:in `pre_process'
  thin (1.6.4) lib/thin/connection.rb:53:in `process'
  thin (1.6.4) lib/thin/connection.rb:39:in `receive_data'
  eventmachine (1.2.0.1) lib/eventmachine.rb:194:in `run'
  thin (1.6.4) lib/thin/backends/base.rb:73:in `start'
  thin (1.6.4) lib/thin/server.rb:162:in `start'
  rack (1.6.4) lib/rack/handler/thin.rb:19:in `run'
  rack (1.6.4) lib/rack/server.rb:286:in `start'
  railties (4.2.6) lib/rails/commands/server.rb:80:in `start'
  railties (4.2.6) lib/rails/commands/commands_tasks.rb:80:in `block in server'
  railties (4.2.6) lib/rails/commands/commands_tasks.rb:75:in `server'
  railties (4.2.6) lib/rails/commands/commands_tasks.rb:39:in `run_command!'
  railties (4.2.6) lib/rails/commands.rb:17:in `<top (required)>'
  bin/rails:9:in `<top (required)>'
  spring (1.7.1) lib/spring/client/rails.rb:28:in `call'
  spring (1.7.1) lib/spring/client/command.rb:7:in `call'
  spring (1.7.1) lib/spring/client.rb:30:in `run'
  spring (1.7.1) bin/spring:49:in `<top (required)>'
  spring (1.7.1) lib/spring/binstub.rb:11:in `<top (required)>'
  /home/sebastiao/.rbenv/versions/2.2.3/lib/ruby/2.2.0/rubygems/core_ext/kernel_require.rb:54:in `require'
  bin/spring:13:in `<top (required)>'
  bin/rails:3:in `<main>'



Started POST "/__better_errors/c936459de0c785b4/variables" for 127.0.0.1 at 2016-05-17 14:13:06 -0300


Started GET "/" for 127.0.0.1 at 2016-05-17 14:20:09 -0300
  [1m[36mActiveRecord::SchemaMigration Load (0.2ms)[0m  [1mSELECT "schema_migrations".* FROM "schema_migrations"[0m
Processing by VisitorsController#index as HTML
  Rendered visitors/index.html.erb within layouts/application (197.0ms)
  Rendered layouts/_navigation.html.haml (4.0ms)
Completed 500 Internal Server Error in 293ms (ActiveRecord: 0.0ms)

Haml::SyntaxError - Inconsistent indentation: 2 spaces used for indentation, but the rest of the document was indented using 3 spaces.:
  app/views/layouts/_navigation.html.haml:3:in `'
  haml (4.0.7) lib/haml/parser.rb:174:in `block in tabs'
  haml (4.0.7) lib/haml/parser.rb:152:in `tabs'
  haml (4.0.7) lib/haml/parser.rb:751:in `block_opened?'
  haml (4.0.7) lib/haml/parser.rb:388:in `tag'
  haml (4.0.7) lib/haml/parser.rb:213:in `process_line'
  haml (4.0.7) lib/haml/parser.rb:121:in `parse'
  haml (4.0.7) lib/haml/engine.rb:66:in `initialize'
  brakeman (3.3.0) bundle/ruby/2.3.0/gems/haml-4.0.7/lib/haml/template/plugin.rb:25:in `compile'
  brakeman (3.3.0) bundle/ruby/2.3.0/gems/haml-4.0.7/lib/haml/template/plugin.rb:30:in `call'
  actionview (4.2.6) lib/action_view/template.rb:270:in `compile'
  actionview (4.2.6) lib/action_view/template.rb:245:in `block (2 levels) in compile!'
  activesupport (4.2.6) lib/active_support/notifications.rb:166:in `instrument'
  actionview (4.2.6) lib/action_view/template.rb:333:in `instrument'
  actionview (4.2.6) lib/action_view/template.rb:244:in `block in compile!'
  actionview (4.2.6) lib/action_view/template.rb:232:in `compile!'
  actionview (4.2.6) lib/action_view/template.rb:144:in `block in render'
  activesupport (4.2.6) lib/active_support/notifications.rb:166:in `instrument'
  actionview (4.2.6) lib/action_view/template.rb:333:in `instrument'
  actionview (4.2.6) lib/action_view/template.rb:143:in `render'
  actionview (4.2.6) lib/action_view/renderer/partial_renderer.rb:339:in `render_partial'
  actionview (4.2.6) lib/action_view/renderer/partial_renderer.rb:310:in `block in render'
  actionview (4.2.6) lib/action_view/renderer/abstract_renderer.rb:39:in `block in instrument'
  activesupport (4.2.6) lib/active_support/notifications.rb:164:in `block in instrument'
  activesupport (4.2.6) lib/active_support/notifications/instrumenter.rb:20:in `instrument'
  activesupport (4.2.6) lib/active_support/notifications.rb:164:in `instrument'
  actionview (4.2.6) lib/action_view/renderer/abstract_renderer.rb:39:in `instrument'
  actionview (4.2.6) lib/action_view/renderer/partial_renderer.rb:309:in `render'
  actionview (4.2.6) lib/action_view/renderer/renderer.rb:51:in `render_partial'
  actionview (4.2.6) lib/action_view/helpers/rendering_helper.rb:35:in `render'
  brakeman (3.3.0) bundle/ruby/2.3.0/gems/haml-4.0.7/lib/haml/helpers/action_view_mods.rb:10:in `block in render_with_haml'
  haml (4.0.7) lib/haml/helpers.rb:89:in `non_haml'
  brakeman (3.3.0) bundle/ruby/2.3.0/gems/haml-4.0.7/lib/haml/helpers/action_view_mods.rb:10:in `render_with_haml'
  app/views/layouts/application.html.haml:12:in `_app_views_layouts_application_html_haml__457696986683567000_46921456761980'
  actionview (4.2.6) lib/action_view/template.rb:145:in `block in render'
  activesupport (4.2.6) lib/active_support/notifications.rb:166:in `instrument'
  actionview (4.2.6) lib/action_view/template.rb:333:in `instrument'
  actionview (4.2.6) lib/action_view/template.rb:143:in `render'
  actionview (4.2.6) lib/action_view/renderer/template_renderer.rb:66:in `render_with_layout'
  actionview (4.2.6) lib/action_view/renderer/template_renderer.rb:52:in `render_template'
  actionview (4.2.6) lib/action_view/renderer/template_renderer.rb:14:in `render'
  actionview (4.2.6) lib/action_view/renderer/renderer.rb:46:in `render_template'
  actionview (4.2.6) lib/action_view/renderer/renderer.rb:27:in `render'
  actionview (4.2.6) lib/action_view/rendering.rb:100:in `_render_template'
  actionpack (4.2.6) lib/action_controller/metal/streaming.rb:217:in `_render_template'
  actionview (4.2.6) lib/action_view/rendering.rb:83:in `render_to_body'
  actionpack (4.2.6) lib/action_controller/metal/rendering.rb:32:in `render_to_body'
  actionpack (4.2.6) lib/action_controller/metal/renderers.rb:37:in `render_to_body'
  actionpack (4.2.6) lib/abstract_controller/rendering.rb:25:in `render'
  actionpack (4.2.6) lib/action_controller/metal/rendering.rb:16:in `render'
  actionpack (4.2.6) lib/action_controller/metal/instrumentation.rb:44:in `block (2 levels) in render'
  activesupport (4.2.6) lib/active_support/core_ext/benchmark.rb:12:in `block in ms'
  /home/sebastiao/.rbenv/versions/2.2.3/lib/ruby/2.2.0/benchmark.rb:303:in `realtime'
  activesupport (4.2.6) lib/active_support/core_ext/benchmark.rb:12:in `ms'
  actionpack (4.2.6) lib/action_controller/metal/instrumentation.rb:44:in `block in render'
  actionpack (4.2.6) lib/action_controller/metal/instrumentation.rb:87:in `cleanup_view_runtime'
  activerecord (4.2.6) lib/active_record/railties/controller_runtime.rb:25:in `cleanup_view_runtime'
  actionpack (4.2.6) lib/action_controller/metal/instrumentation.rb:43:in `render'
  actionpack (4.2.6) lib/action_controller/metal/implicit_render.rb:10:in `default_render'
  actionpack (4.2.6) lib/action_controller/metal/implicit_render.rb:4:in `send_action'
  actionpack (4.2.6) lib/abstract_controller/base.rb:198:in `process_action'
  actionpack (4.2.6) lib/action_controller/metal/rendering.rb:10:in `process_action'
  actionpack (4.2.6) lib/abstract_controller/callbacks.rb:20:in `block in process_action'
  activesupport (4.2.6) lib/active_support/callbacks.rb:117:in `call'
  activesupport (4.2.6) lib/active_support/callbacks.rb:555:in `block (2 levels) in compile'
  activesupport (4.2.6) lib/active_support/callbacks.rb:505:in `call'
  activesupport (4.2.6) lib/active_support/callbacks.rb:92:in `__run_callbacks__'
  activesupport (4.2.6) lib/active_support/callbacks.rb:778:in `_run_process_action_callbacks'
  activesupport (4.2.6) lib/active_support/callbacks.rb:81:in `run_callbacks'
  actionpack (4.2.6) lib/abstract_controller/callbacks.rb:19:in `process_action'
  actionpack (4.2.6) lib/action_controller/metal/rescue.rb:29:in `process_action'
  actionpack (4.2.6) lib/action_controller/metal/instrumentation.rb:32:in `block in process_action'
  activesupport (4.2.6) lib/active_support/notifications.rb:164:in `block in instrument'
  activesupport (4.2.6) lib/active_support/notifications/instrumenter.rb:20:in `instrument'
  activesupport (4.2.6) lib/active_support/notifications.rb:164:in `instrument'
  actionpack (4.2.6) lib/action_controller/metal/instrumentation.rb:30:in `process_action'
  actionpack (4.2.6) lib/action_controller/metal/params_wrapper.rb:250:in `process_action'
  activerecord (4.2.6) lib/active_record/railties/controller_runtime.rb:18:in `process_action'
  actionpack (4.2.6) lib/abstract_controller/base.rb:137:in `process'
  actionview (4.2.6) lib/action_view/rendering.rb:30:in `process'
  actionpack (4.2.6) lib/action_controller/metal.rb:196:in `dispatch'
  actionpack (4.2.6) lib/action_controller/metal/rack_delegation.rb:13:in `dispatch'
  actionpack (4.2.6) lib/action_controller/metal.rb:237:in `block in action'
  actionpack (4.2.6) lib/action_dispatch/routing/route_set.rb:74:in `dispatch'
  actionpack (4.2.6) lib/action_dispatch/routing/route_set.rb:43:in `serve'
  actionpack (4.2.6) lib/action_dispatch/journey/router.rb:43:in `block in serve'
  actionpack (4.2.6) lib/action_dispatch/journey/router.rb:30:in `serve'
  actionpack (4.2.6) lib/action_dispatch/routing/route_set.rb:817:in `call'
  rack (1.6.4) lib/rack/etag.rb:24:in `call'
  rack (1.6.4) lib/rack/conditionalget.rb:25:in `call'
  rack (1.6.4) lib/rack/head.rb:13:in `call'
  actionpack (4.2.6) lib/action_dispatch/middleware/params_parser.rb:27:in `call'
  actionpack (4.2.6) lib/action_dispatch/middleware/flash.rb:260:in `call'
  rack (1.6.4) lib/rack/session/abstract/id.rb:225:in `context'
  rack (1.6.4) lib/rack/session/abstract/id.rb:220:in `call'
  actionpack (4.2.6) lib/action_dispatch/middleware/cookies.rb:560:in `call'
  activerecord (4.2.6) lib/active_record/query_cache.rb:36:in `call'
  activerecord (4.2.6) lib/active_record/connection_adapters/abstract/connection_pool.rb:653:in `call'
  activerecord (4.2.6) lib/active_record/migration.rb:377:in `call'
  actionpack (4.2.6) lib/action_dispatch/middleware/callbacks.rb:29:in `block in call'
  activesupport (4.2.6) lib/active_support/callbacks.rb:88:in `__run_callbacks__'
  activesupport (4.2.6) lib/active_support/callbacks.rb:778:in `_run_call_callbacks'
  activesupport (4.2.6) lib/active_support/callbacks.rb:81:in `run_callbacks'
  actionpack (4.2.6) lib/action_dispatch/middleware/callbacks.rb:27:in `call'
  actionpack (4.2.6) lib/action_dispatch/middleware/reloader.rb:73:in `call'
  actionpack (4.2.6) lib/action_dispatch/middleware/remote_ip.rb:78:in `call'
  better_errors (2.1.1) lib/better_errors/middleware.rb:84:in `protected_app_call'
  better_errors (2.1.1) lib/better_errors/middleware.rb:79:in `better_errors_call'
  better_errors (2.1.1) lib/better_errors/middleware.rb:57:in `call'
  actionpack (4.2.6) lib/action_dispatch/middleware/debug_exceptions.rb:17:in `call'
  web-console (2.3.0) lib/web_console/middleware.rb:28:in `block in call'
  web-console (2.3.0) lib/web_console/middleware.rb:18:in `call'
  actionpack (4.2.6) lib/action_dispatch/middleware/show_exceptions.rb:30:in `call'
  railties (4.2.6) lib/rails/rack/logger.rb:38:in `call_app'
  railties (4.2.6) lib/rails/rack/logger.rb:20:in `block in call'
  activesupport (4.2.6) lib/active_support/tagged_logging.rb:68:in `block in tagged'
  activesupport (4.2.6) lib/active_support/tagged_logging.rb:26:in `tagged'
  activesupport (4.2.6) lib/active_support/tagged_logging.rb:68:in `tagged'
  railties (4.2.6) lib/rails/rack/logger.rb:20:in `call'
  quiet_assets (1.1.0) lib/quiet_assets.rb:27:in `call_with_quiet_assets'
  actionpack (4.2.6) lib/action_dispatch/middleware/request_id.rb:21:in `call'
  rack (1.6.4) lib/rack/methodoverride.rb:22:in `call'
  rack (1.6.4) lib/rack/runtime.rb:18:in `call'
  activesupport (4.2.6) lib/active_support/cache/strategy/local_cache_middleware.rb:28:in `call'
  rack (1.6.4) lib/rack/lock.rb:17:in `call'
  actionpack (4.2.6) lib/action_dispatch/middleware/static.rb:120:in `call'
  rack (1.6.4) lib/rack/sendfile.rb:113:in `call'
  railties (4.2.6) lib/rails/engine.rb:518:in `call'
  railties (4.2.6) lib/rails/application.rb:165:in `call'
  rack (1.6.4) lib/rack/content_length.rb:15:in `call'
  thin (1.6.4) lib/thin/connection.rb:86:in `block in pre_process'
  thin (1.6.4) lib/thin/connection.rb:84:in `pre_process'
  thin (1.6.4) lib/thin/connection.rb:53:in `process'
  thin (1.6.4) lib/thin/connection.rb:39:in `receive_data'
  eventmachine (1.2.0.1) lib/eventmachine.rb:194:in `run'
  thin (1.6.4) lib/thin/backends/base.rb:73:in `start'
  thin (1.6.4) lib/thin/server.rb:162:in `start'
  rack (1.6.4) lib/rack/handler/thin.rb:19:in `run'
  rack (1.6.4) lib/rack/server.rb:286:in `start'
  railties (4.2.6) lib/rails/commands/server.rb:80:in `start'
  railties (4.2.6) lib/rails/commands/commands_tasks.rb:80:in `block in server'
  railties (4.2.6) lib/rails/commands/commands_tasks.rb:75:in `server'
  railties (4.2.6) lib/rails/commands/commands_tasks.rb:39:in `run_command!'
  railties (4.2.6) lib/rails/commands.rb:17:in `<top (required)>'
  bin/rails:9:in `<top (required)>'
  spring (1.7.1) lib/spring/client/rails.rb:28:in `call'
  spring (1.7.1) lib/spring/client/command.rb:7:in `call'
  spring (1.7.1) lib/spring/client.rb:30:in `run'
  spring (1.7.1) bin/spring:49:in `<top (required)>'
  spring (1.7.1) lib/spring/binstub.rb:11:in `<top (required)>'
  /home/sebastiao/.rbenv/versions/2.2.3/lib/ruby/2.2.0/rubygems/core_ext/kernel_require.rb:54:in `require'
  bin/spring:13:in `<top (required)>'
  bin/rails:3:in `<main>'



Started POST "/__better_errors/ab34058996e5a9c3/variables" for 127.0.0.1 at 2016-05-17 14:20:10 -0300


Started GET "/" for 127.0.0.1 at 2016-05-17 14:23:46 -0300
  [1m[36mActiveRecord::SchemaMigration Load (0.2ms)[0m  [1mSELECT "schema_migrations".* FROM "schema_migrations"[0m
Processing by VisitorsController#index as HTML
  Rendered visitors/index.html.erb within layouts/application (191.5ms)
  Rendered layouts/_navigation_links.html.erb (0.3ms)
  Rendered layouts/_navigation.html.haml (2.6ms)
  Rendered layouts/_messages.html.haml (0.9ms)
Completed 200 OK in 285ms (Views: 273.7ms | ActiveRecord: 0.0ms)


Started GET "/images/s.jpg" for 127.0.0.1 at 2016-05-17 14:23:46 -0300

ActionController::RoutingError (No route matches [GET] "/images/s.jpg"):
  actionpack (4.2.6) lib/action_dispatch/middleware/debug_exceptions.rb:21:in `call'
  web-console (2.3.0) lib/web_console/middleware.rb:28:in `block in call'
  web-console (2.3.0) lib/web_console/middleware.rb:18:in `catch'
  web-console (2.3.0) lib/web_console/middleware.rb:18:in `call'
  actionpack (4.2.6) lib/action_dispatch/middleware/show_exceptions.rb:30:in `call'
  railties (4.2.6) lib/rails/rack/logger.rb:38:in `call_app'
  railties (4.2.6) lib/rails/rack/logger.rb:20:in `block in call'
  activesupport (4.2.6) lib/active_support/tagged_logging.rb:68:in `block in tagged'
  activesupport (4.2.6) lib/active_support/tagged_logging.rb:26:in `tagged'
  activesupport (4.2.6) lib/active_support/tagged_logging.rb:68:in `tagged'
  railties (4.2.6) lib/rails/rack/logger.rb:20:in `call'
  quiet_assets (1.1.0) lib/quiet_assets.rb:27:in `call_with_quiet_assets'
  actionpack (4.2.6) lib/action_dispatch/middleware/request_id.rb:21:in `call'
  rack (1.6.4) lib/rack/methodoverride.rb:22:in `call'
  rack (1.6.4) lib/rack/runtime.rb:18:in `call'
  activesupport (4.2.6) lib/active_support/cache/strategy/local_cache_middleware.rb:28:in `call'
  rack (1.6.4) lib/rack/lock.rb:17:in `call'
  actionpack (4.2.6) lib/action_dispatch/middleware/static.rb:120:in `call'
  rack (1.6.4) lib/rack/sendfile.rb:113:in `call'
  railties (4.2.6) lib/rails/engine.rb:518:in `call'
  railties (4.2.6) lib/rails/application.rb:165:in `call'
  rack (1.6.4) lib/rack/content_length.rb:15:in `call'
  thin (1.6.4) lib/thin/connection.rb:86:in `block in pre_process'
  thin (1.6.4) lib/thin/connection.rb:84:in `catch'
  thin (1.6.4) lib/thin/connection.rb:84:in `pre_process'
  thin (1.6.4) lib/thin/connection.rb:53:in `process'
  thin (1.6.4) lib/thin/connection.rb:39:in `receive_data'
  eventmachine (1.2.0.1) lib/eventmachine.rb:194:in `run_machine'
  eventmachine (1.2.0.1) lib/eventmachine.rb:194:in `run'
  thin (1.6.4) lib/thin/backends/base.rb:73:in `start'
  thin (1.6.4) lib/thin/server.rb:162:in `start'
  rack (1.6.4) lib/rack/handler/thin.rb:19:in `run'
  rack (1.6.4) lib/rack/server.rb:286:in `start'
  railties (4.2.6) lib/rails/commands/server.rb:80:in `start'
  railties (4.2.6) lib/rails/commands/commands_tasks.rb:80:in `block in server'
  railties (4.2.6) lib/rails/commands/commands_tasks.rb:75:in `tap'
  railties (4.2.6) lib/rails/commands/commands_tasks.rb:75:in `server'
  railties (4.2.6) lib/rails/commands/commands_tasks.rb:39:in `run_command!'
  railties (4.2.6) lib/rails/commands.rb:17:in `<top (required)>'
  bin/rails:9:in `require'
  bin/rails:9:in `<top (required)>'
  spring (1.7.1) lib/spring/client/rails.rb:28:in `load'
  spring (1.7.1) lib/spring/client/rails.rb:28:in `call'
  spring (1.7.1) lib/spring/client/command.rb:7:in `call'
  spring (1.7.1) lib/spring/client.rb:30:in `run'
  spring (1.7.1) bin/spring:49:in `<top (required)>'
  spring (1.7.1) lib/spring/binstub.rb:11:in `load'
  spring (1.7.1) lib/spring/binstub.rb:11:in `<top (required)>'
  /home/sebastiao/.rbenv/versions/2.2.3/lib/ruby/2.2.0/rubygems/core_ext/kernel_require.rb:54:in `require'
  /home/sebastiao/.rbenv/versions/2.2.3/lib/ruby/2.2.0/rubygems/core_ext/kernel_require.rb:54:in `require'
  bin/spring:13:in `<top (required)>'
  bin/rails:3:in `load'
  bin/rails:3:in `<main>'


  Rendered /home/sebastiao/.gem/repos/ProjetoSSL2/gems/actionpack-4.2.6/lib/action_dispatch/middleware/templates/rescues/_trace.html.erb (2.7ms)
  Rendered /home/sebastiao/.gem/repos/ProjetoSSL2/gems/actionpack-4.2.6/lib/action_dispatch/middleware/templates/routes/_route.html.erb (1.7ms)
  Rendered /home/sebastiao/.gem/repos/ProjetoSSL2/gems/actionpack-4.2.6/lib/action_dispatch/middleware/templates/routes/_table.html.erb (17.1ms)
  Rendered /home/sebastiao/.gem/repos/ProjetoSSL2/gems/actionpack-4.2.6/lib/action_dispatch/middleware/templates/rescues/_request_and_response.html.erb (1.9ms)
  Rendered /home/sebastiao/.gem/repos/ProjetoSSL2/gems/actionpack-4.2.6/lib/action_dispatch/middleware/templates/rescues/routing_error.html.erb within rescues/layout (57.4ms)
  Rendered /home/sebastiao/.gem/repos/ProjetoSSL2/gems/web-console-2.3.0/lib/web_console/templates/_markup.html.erb (0.5ms)
  Rendered /home/sebastiao/.gem/repos/ProjetoSSL2/gems/web-console-2.3.0/lib/web_console/templates/_inner_console_markup.html.erb within layouts/inlined_string (0.3ms)
  Rendered /home/sebastiao/.gem/repos/ProjetoSSL2/gems/web-console-2.3.0/lib/web_console/templates/_prompt_box_markup.html.erb within layouts/inlined_string (0.5ms)
  Rendered /home/sebastiao/.gem/repos/ProjetoSSL2/gems/web-console-2.3.0/lib/web_console/templates/style.css.erb within layouts/inlined_string (0.5ms)
  Rendered /home/sebastiao/.gem/repos/ProjetoSSL2/gems/web-console-2.3.0/lib/web_console/templates/console.js.erb within layouts/javascript (598.3ms)
  Rendered /home/sebastiao/.gem/repos/ProjetoSSL2/gems/web-console-2.3.0/lib/web_console/templates/main.js.erb within layouts/javascript (0.3ms)
  Rendered /home/sebastiao/.gem/repos/ProjetoSSL2/gems/web-console-2.3.0/lib/web_console/templates/error_page.js.erb within layouts/javascript (0.3ms)
  Rendered /home/sebastiao/.gem/repos/ProjetoSSL2/gems/web-console-2.3.0/lib/web_console/templates/index.html.erb (620.9ms)


Started GET "/" for 127.0.0.1 at 2016-05-17 14:24:43 -0300
  [1m[36mActiveRecord::SchemaMigration Load (0.2ms)[0m  [1mSELECT "schema_migrations".* FROM "schema_migrations"[0m
Processing by VisitorsController#index as HTML
  Rendered visitors/index.html.erb within layouts/application (279.6ms)
  Rendered layouts/_navigation_links.html.erb (0.4ms)
  Rendered layouts/_navigation.html.haml (3.6ms)
  Rendered layouts/_messages.html.haml (1.3ms)
Completed 200 OK in 427ms (Views: 413.6ms | ActiveRecord: 0.0ms)


Started GET "/clientes" for 127.0.0.1 at 2016-05-17 14:24:45 -0300
Processing by ClientesController#index as HTML
  [1m[35mCliente Load (0.3ms)[0m  SELECT "clientes".* FROM "clientes"
  Rendered clientes/index.html.haml within layouts/application (6.0ms)
  Rendered layouts/_navigation_links.html.erb (0.4ms)
  Rendered layouts/_navigation.html.haml (3.4ms)
  Rendered layouts/_messages.html.haml (1.1ms)
Completed 200 OK in 44ms (Views: 40.2ms | ActiveRecord: 0.4ms)


Started GET "/" for 127.0.0.1 at 2016-05-17 14:24:47 -0300
Processing by VisitorsController#index as HTML
  Rendered visitors/index.html.erb within layouts/application (2.8ms)
  Rendered layouts/_navigation_links.html.erb (0.1ms)
  Rendered layouts/_navigation.html.haml (1.7ms)
  Rendered layouts/_messages.html.haml (0.6ms)
Completed 200 OK in 68ms (Views: 66.6ms | ActiveRecord: 0.0ms)
  [1m[36mActiveRecord::SchemaMigration Load (0.1ms)[0m  [1mSELECT "schema_migrations".* FROM "schema_migrations"[0m
  [1m[35mActiveRecord::SchemaMigration Load (0.1ms)[0m  SELECT "schema_migrations".* FROM "schema_migrations"
